2019-06-26 13:57:05.430  INFO bootcamp-PC11 --- [           main] trationDelegate$BeanPostProcessorChecker : Bean 'org.springframework.cloud.autoconfigure.ConfigurationPropertiesRebinderAutoConfiguration' of type [org.springframework.cloud.autoconfigure.ConfigurationPropertiesRebinderAutoConfiguration$$EnhancerBySpringCGLIB$$3e7c4430] is not eligible for getting processed by all BeanPostProcessors (for example: not eligible for auto-proxying)
2019-06-26 13:57:05.680  INFO bootcamp-PC11 --- [           main] e.r.RoomPlannerApplication               : No active profile set, falling back to default profiles: default
2019-06-26 13:57:06.885  INFO bootcamp-PC11 --- [           main] .s.d.r.c.RepositoryConfigurationDelegate : Bootstrapping Spring Data repositories in DEFAULT mode.
2019-06-26 13:57:06.973  INFO bootcamp-PC11 --- [           main] .s.d.r.c.RepositoryConfigurationDelegate : Finished Spring Data repository scanning in 76ms. Found 4 repository interfaces.
2019-06-26 13:57:07.648  INFO bootcamp-PC11 --- [           main] o.s.c.c.s.GenericScope                   : BeanFactory id=38909fe1-8e9e-34d5-9419-fd4949adee93
2019-06-26 13:57:07.818  INFO bootcamp-PC11 --- [           main] trationDelegate$BeanPostProcessorChecker : Bean 'org.springframework.transaction.annotation.ProxyTransactionManagementConfiguration' of type [org.springframework.transaction.annotation.ProxyTransactionManagementConfiguration$$EnhancerBySpringCGLIB$$22624133] is not eligible for getting processed by all BeanPostProcessors (for example: not eligible for auto-proxying)
2019-06-26 13:57:07.853  INFO bootcamp-PC11 --- [           main] trationDelegate$BeanPostProcessorChecker : Bean 'org.springframework.security.config.annotation.configuration.ObjectPostProcessorConfiguration' of type [org.springframework.security.config.annotation.configuration.ObjectPostProcessorConfiguration$$EnhancerBySpringCGLIB$$bb10096d] is not eligible for getting processed by all BeanPostProcessors (for example: not eligible for auto-proxying)
2019-06-26 13:57:07.862  INFO bootcamp-PC11 --- [           main] trationDelegate$BeanPostProcessorChecker : Bean 'objectPostProcessor' of type [org.springframework.security.config.annotation.configuration.AutowireBeanFactoryObjectPostProcessor] is not eligible for getting processed by all BeanPostProcessors (for example: not eligible for auto-proxying)
2019-06-26 13:57:07.865  INFO bootcamp-PC11 --- [           main] trationDelegate$BeanPostProcessorChecker : Bean 'org.springframework.security.access.expression.method.DefaultMethodSecurityExpressionHandler@36c281ed' of type [org.springframework.security.oauth2.provider.expression.OAuth2MethodSecurityExpressionHandler] is not eligible for getting processed by all BeanPostProcessors (for example: not eligible for auto-proxying)
2019-06-26 13:57:07.869  INFO bootcamp-PC11 --- [           main] trationDelegate$BeanPostProcessorChecker : Bean 'org.springframework.security.config.annotation.method.configuration.GlobalMethodSecurityConfiguration' of type [org.springframework.security.config.annotation.method.configuration.GlobalMethodSecurityConfiguration$$EnhancerBySpringCGLIB$$dfe4ac1f] is not eligible for getting processed by all BeanPostProcessors (for example: not eligible for auto-proxying)
2019-06-26 13:57:07.877  INFO bootcamp-PC11 --- [           main] trationDelegate$BeanPostProcessorChecker : Bean 'methodSecurityMetadataSource' of type [org.springframework.security.access.method.DelegatingMethodSecurityMetadataSource] is not eligible for getting processed by all BeanPostProcessors (for example: not eligible for auto-proxying)
2019-06-26 13:57:07.896  INFO bootcamp-PC11 --- [           main] trationDelegate$BeanPostProcessorChecker : Bean 'org.springframework.cloud.autoconfigure.ConfigurationPropertiesRebinderAutoConfiguration' of type [org.springframework.cloud.autoconfigure.ConfigurationPropertiesRebinderAutoConfiguration$$EnhancerBySpringCGLIB$$3e7c4430] is not eligible for getting processed by all BeanPostProcessors (for example: not eligible for auto-proxying)
2019-06-26 13:57:08.346  INFO bootcamp-PC11 --- [           main] o.s.b.w.e.t.TomcatWebServer              : Tomcat initialized with port(s): 8081 (http)
2019-06-26 13:57:08.359  INFO bootcamp-PC11 --- [           main] o.a.c.h.Http11NioProtocol                : Initializing ProtocolHandler ["http-nio-8081"]
2019-06-26 13:57:08.375  INFO bootcamp-PC11 --- [           main] o.a.c.c.StandardService                  : Starting service [Tomcat]
2019-06-26 13:57:08.376  INFO bootcamp-PC11 --- [           main] o.a.c.c.StandardEngine                   : Starting Servlet engine: [Apache Tomcat/9.0.19]
2019-06-26 13:57:08.530  INFO bootcamp-PC11 --- [           main] o.a.c.c.C.[.[.[/]                        : Initializing Spring embedded WebApplicationContext
2019-06-26 13:57:08.531  INFO bootcamp-PC11 --- [           main] o.s.w.c.ContextLoader                    : Root WebApplicationContext: initialization completed in 2837 ms
2019-06-26 13:57:09.116  INFO bootcamp-PC11 --- [           main] o.f.c.i.l.VersionPrinter                 : Flyway Community Edition 5.2.4 by Boxfuse
2019-06-26 13:57:09.213  INFO bootcamp-PC11 --- [           main] c.z.h.HikariDataSource                   : HikariPool-1 - Starting...
2019-06-26 13:57:09.331  INFO bootcamp-PC11 --- [           main] c.z.h.HikariDataSource                   : HikariPool-1 - Start completed.
2019-06-26 13:57:09.341  INFO bootcamp-PC11 --- [           main] o.f.c.i.d.DatabaseFactory                : Database: jdbc:postgresql://localhost:5432/room_planner (PostgreSQL 9.4)
2019-06-26 13:57:09.430  INFO bootcamp-PC11 --- [           main] o.f.c.i.c.DbValidate                     : Successfully validated 7 migrations (execution time 00:00.043s)
2019-06-26 13:57:09.474  INFO bootcamp-PC11 --- [           main] o.f.c.i.c.DbMigrate                      : Current version of schema "public": 1.6
2019-06-26 13:57:09.476  INFO bootcamp-PC11 --- [           main] o.f.c.i.c.DbMigrate                      : Migrating schema "public" to version 1.7 - add floors
2019-06-26 13:57:09.532  INFO bootcamp-PC11 --- [           main] o.f.c.i.c.DbMigrate                      : Successfully applied 1 migration to schema "public" (execution time 00:00.069s)
2019-06-26 13:57:09.880  INFO bootcamp-PC11 --- [           main] o.h.Version                              : HHH000412: Hibernate Core {5.3.10.Final}
2019-06-26 13:57:09.882  INFO bootcamp-PC11 --- [           main] o.h.c.Environment                        : HHH000206: hibernate.properties not found
2019-06-26 13:57:10.060  INFO bootcamp-PC11 --- [           main] o.h.a.c.Version                          : HCANN000001: Hibernate Commons Annotations {5.0.4.Final}
2019-06-26 13:57:10.211  INFO bootcamp-PC11 --- [           main] o.h.d.Dialect                            : HHH000400: Using dialect: org.hibernate.dialect.PostgreSQLDialect
2019-06-26 13:57:10.225  INFO bootcamp-PC11 --- [           main] o.h.e.j.e.i.LobCreatorBuilderImpl        : HHH000422: Disabling contextual LOB creation as connection was null
2019-06-26 13:57:10.230  INFO bootcamp-PC11 --- [           main] o.h.t.BasicTypeRegistry                  : HHH000270: Type registration [java.util.UUID] overrides previous : org.hibernate.type.UUIDBinaryType@19cdc217
2019-06-26 13:57:11.241  INFO bootcamp-PC11 --- [           main] j.LocalContainerEntityManagerFactoryBean : Initialized JPA EntityManagerFactory for persistence unit 'default'
2019-06-26 13:57:12.103  INFO bootcamp-PC11 --- [           main] f.a.AutowiredAnnotationBeanPostProcessor : Autowired annotation is not supported on static fields: private static java.lang.String edu.roomplanner.config.ResourceServerConfig.RESOURCE_ID
2019-06-26 13:57:12.767  INFO bootcamp-PC11 --- [           main] o.s.s.w.DefaultSecurityFilterChain       : Creating filter chain: OrRequestMatcher [requestMatchers=[Ant [pattern='/oauth/token'], Ant [pattern='/oauth/token_key'], Ant [pattern='/oauth/check_token']]], [org.springframework.security.web.context.request.async.WebAsyncManagerIntegrationFilter@560be8c0, org.springframework.security.web.context.SecurityContextPersistenceFilter@7f792530, org.springframework.security.web.header.HeaderWriterFilter@346330b6, org.springframework.security.web.authentication.logout.LogoutFilter@7cdb05aa, org.springframework.security.web.authentication.www.BasicAuthenticationFilter@1002d1c8, org.springframework.security.web.savedrequest.RequestCacheAwareFilter@254cc548, org.springframework.security.web.servletapi.SecurityContextHolderAwareRequestFilter@7ea039b4, org.springframework.security.web.authentication.AnonymousAuthenticationFilter@14d36bb2, org.springframework.security.web.session.SessionManagementFilter@20d3fff4, org.springframework.security.web.access.ExceptionTranslationFilter@284f25e6, org.springframework.security.web.access.intercept.FilterSecurityInterceptor@4509b7]
2019-06-26 13:57:12.783  INFO bootcamp-PC11 --- [           main] o.s.s.w.DefaultSecurityFilterChain       : Creating filter chain: org.springframework.security.oauth2.config.annotation.web.configuration.ResourceServerConfiguration$NotOAuthRequestMatcher@25109d84, [org.springframework.security.web.context.request.async.WebAsyncManagerIntegrationFilter@4a1934e2, org.springframework.security.web.context.SecurityContextPersistenceFilter@1eee9b78, org.springframework.security.web.header.HeaderWriterFilter@1d167630, org.springframework.security.web.authentication.logout.LogoutFilter@2ff62720, org.springframework.security.oauth2.provider.authentication.OAuth2AuthenticationProcessingFilter@2b561f51, org.springframework.security.web.savedrequest.RequestCacheAwareFilter@36762234, org.springframework.security.web.servletapi.SecurityContextHolderAwareRequestFilter@18ff753c, org.springframework.security.web.session.SessionManagementFilter@3bc18fec, org.springframework.security.web.access.ExceptionTranslationFilter@2e20c20b, org.springframework.security.web.access.intercept.FilterSecurityInterceptor@60cc20e1]
2019-06-26 13:57:12.800  INFO bootcamp-PC11 --- [           main] o.s.s.w.DefaultSecurityFilterChain       : Creating filter chain: any request, [org.springframework.security.web.context.request.async.WebAsyncManagerIntegrationFilter@2a19c36b, org.springframework.security.web.context.SecurityContextPersistenceFilter@1f0f92f5, org.springframework.security.web.header.HeaderWriterFilter@2c8f65da, org.springframework.security.web.csrf.CsrfFilter@68b3979d, org.springframework.security.web.authentication.logout.LogoutFilter@38347345, org.springframework.security.web.authentication.UsernamePasswordAuthenticationFilter@3b50f432, org.springframework.security.web.authentication.ui.DefaultLoginPageGeneratingFilter@5bcfdaf3, org.springframework.security.web.authentication.ui.DefaultLogoutPageGeneratingFilter@38856d6e, org.springframework.security.web.authentication.www.BasicAuthenticationFilter@165454f7, org.springframework.security.web.savedrequest.RequestCacheAwareFilter@7430ed93, org.springframework.security.web.servletapi.SecurityContextHolderAwareRequestFilter@2346f77a, org.springframework.security.web.authentication.AnonymousAuthenticationFilter@299ea986, org.springframework.security.web.session.SessionManagementFilter@587400a9, org.springframework.security.web.access.ExceptionTranslationFilter@61d150af, org.springframework.security.web.access.intercept.FilterSecurityInterceptor@61fa3583]
2019-06-26 13:57:13.062  INFO bootcamp-PC11 --- [           main] o.s.s.c.ThreadPoolTaskExecutor           : Initializing ExecutorService 'applicationTaskExecutor'
2019-06-26 13:57:13.599  INFO bootcamp-PC11 --- [           main] o.s.b.a.e.w.EndpointLinksResolver        : Exposing 2 endpoint(s) beneath base path '/actuator'
2019-06-26 13:57:13.974  INFO bootcamp-PC11 --- [           main] o.a.c.h.Http11NioProtocol                : Starting ProtocolHandler ["http-nio-8081"]
2019-06-26 13:57:14.094  INFO bootcamp-PC11 --- [           main] o.s.b.w.e.t.TomcatWebServer              : Tomcat started on port(s): 8081 (http) with context path ''
2019-06-26 13:57:14.096  INFO bootcamp-PC11 --- [           main] e.r.RoomPlannerApplication               : Started RoomPlannerApplication in 9.656 seconds (JVM running for 10.701)
2019-06-26 13:57:22.511  INFO bootcamp-PC11 --- [nio-8081-exec-2] o.a.c.c.C.[.[.[/]                        : Initializing Spring DispatcherServlet 'dispatcherServlet'
2019-06-26 13:57:22.511  INFO bootcamp-PC11 --- [nio-8081-exec-2] o.s.w.s.DispatcherServlet                : Initializing Servlet 'dispatcherServlet'
2019-06-26 13:57:22.523  INFO bootcamp-PC11 --- [nio-8081-exec-2] o.s.w.s.DispatcherServlet                : Completed initialization in 12 ms
2019-06-26 13:57:23.060  INFO bootcamp-PC11 --- [nio-8081-exec-2] o.h.h.i.QueryTranslatorFactoryInitiator  : HHH000397: Using ASTQueryTranslatorFactory
2019-06-26 13:57:23.333  INFO bootcamp-PC11 --- [nio-8081-exec-2] o.s.s.o.p.t.s.JdbcTokenStore             : Failed to find access token for token 1d133778-4d7c-47d2-b811-751c77744032
2019-06-26 14:11:49.951  INFO bootcamp-PC11 --- [           main] trationDelegate$BeanPostProcessorChecker : Bean 'org.springframework.cloud.autoconfigure.ConfigurationPropertiesRebinderAutoConfiguration' of type [org.springframework.cloud.autoconfigure.ConfigurationPropertiesRebinderAutoConfiguration$$EnhancerBySpringCGLIB$$fa75f2a0] is not eligible for getting processed by all BeanPostProcessors (for example: not eligible for auto-proxying)
2019-06-26 14:11:50.135  INFO bootcamp-PC11 --- [           main] e.r.RoomPlannerApplication               : No active profile set, falling back to default profiles: default
2019-06-26 14:11:51.255  INFO bootcamp-PC11 --- [           main] .s.d.r.c.RepositoryConfigurationDelegate : Bootstrapping Spring Data repositories in DEFAULT mode.
2019-06-26 14:11:51.365  INFO bootcamp-PC11 --- [           main] .s.d.r.c.RepositoryConfigurationDelegate : Finished Spring Data repository scanning in 96ms. Found 4 repository interfaces.
2019-06-26 14:11:51.840  INFO bootcamp-PC11 --- [           main] o.s.c.c.s.GenericScope                   : BeanFactory id=e410eb31-6c36-39b4-b6b9-5792602e09f2
2019-06-26 14:11:51.988  INFO bootcamp-PC11 --- [           main] trationDelegate$BeanPostProcessorChecker : Bean 'org.springframework.transaction.annotation.ProxyTransactionManagementConfiguration' of type [org.springframework.transaction.annotation.ProxyTransactionManagementConfiguration$$EnhancerBySpringCGLIB$$de5befa3] is not eligible for getting processed by all BeanPostProcessors (for example: not eligible for auto-proxying)
2019-06-26 14:11:52.022  INFO bootcamp-PC11 --- [           main] trationDelegate$BeanPostProcessorChecker : Bean 'org.springframework.security.config.annotation.configuration.ObjectPostProcessorConfiguration' of type [org.springframework.security.config.annotation.configuration.ObjectPostProcessorConfiguration$$EnhancerBySpringCGLIB$$7709b7dd] is not eligible for getting processed by all BeanPostProcessors (for example: not eligible for auto-proxying)
2019-06-26 14:11:52.029  INFO bootcamp-PC11 --- [           main] trationDelegate$BeanPostProcessorChecker : Bean 'objectPostProcessor' of type [org.springframework.security.config.annotation.configuration.AutowireBeanFactoryObjectPostProcessor] is not eligible for getting processed by all BeanPostProcessors (for example: not eligible for auto-proxying)
2019-06-26 14:11:52.032  INFO bootcamp-PC11 --- [           main] trationDelegate$BeanPostProcessorChecker : Bean 'org.springframework.security.access.expression.method.DefaultMethodSecurityExpressionHandler@414f13fc' of type [org.springframework.security.oauth2.provider.expression.OAuth2MethodSecurityExpressionHandler] is not eligible for getting processed by all BeanPostProcessors (for example: not eligible for auto-proxying)
2019-06-26 14:11:52.035  INFO bootcamp-PC11 --- [           main] trationDelegate$BeanPostProcessorChecker : Bean 'org.springframework.security.config.annotation.method.configuration.GlobalMethodSecurityConfiguration' of type [org.springframework.security.config.annotation.method.configuration.GlobalMethodSecurityConfiguration$$EnhancerBySpringCGLIB$$9bde5a8f] is not eligible for getting processed by all BeanPostProcessors (for example: not eligible for auto-proxying)
2019-06-26 14:11:52.041  INFO bootcamp-PC11 --- [           main] trationDelegate$BeanPostProcessorChecker : Bean 'methodSecurityMetadataSource' of type [org.springframework.security.access.method.DelegatingMethodSecurityMetadataSource] is not eligible for getting processed by all BeanPostProcessors (for example: not eligible for auto-proxying)
2019-06-26 14:11:52.067  INFO bootcamp-PC11 --- [           main] trationDelegate$BeanPostProcessorChecker : Bean 'org.springframework.cloud.autoconfigure.ConfigurationPropertiesRebinderAutoConfiguration' of type [org.springframework.cloud.autoconfigure.ConfigurationPropertiesRebinderAutoConfiguration$$EnhancerBySpringCGLIB$$fa75f2a0] is not eligible for getting processed by all BeanPostProcessors (for example: not eligible for auto-proxying)
2019-06-26 14:11:52.490  INFO bootcamp-PC11 --- [           main] o.s.b.w.e.t.TomcatWebServer              : Tomcat initialized with port(s): 8081 (http)
2019-06-26 14:11:52.505  INFO bootcamp-PC11 --- [           main] o.a.c.h.Http11NioProtocol                : Initializing ProtocolHandler ["http-nio-8081"]
2019-06-26 14:11:52.517  INFO bootcamp-PC11 --- [           main] o.a.c.c.StandardService                  : Starting service [Tomcat]
2019-06-26 14:11:52.518  INFO bootcamp-PC11 --- [           main] o.a.c.c.StandardEngine                   : Starting Servlet engine: [Apache Tomcat/9.0.19]
2019-06-26 14:11:52.650  INFO bootcamp-PC11 --- [           main] o.a.c.c.C.[.[.[/]                        : Initializing Spring embedded WebApplicationContext
2019-06-26 14:11:52.650  INFO bootcamp-PC11 --- [           main] o.s.w.c.ContextLoader                    : Root WebApplicationContext: initialization completed in 2501 ms
2019-06-26 14:11:53.168  INFO bootcamp-PC11 --- [           main] o.f.c.i.l.VersionPrinter                 : Flyway Community Edition 5.2.4 by Boxfuse
2019-06-26 14:11:53.245  INFO bootcamp-PC11 --- [           main] c.z.h.HikariDataSource                   : HikariPool-1 - Starting...
2019-06-26 14:11:53.349  INFO bootcamp-PC11 --- [           main] c.z.h.HikariDataSource                   : HikariPool-1 - Start completed.
2019-06-26 14:11:53.355  INFO bootcamp-PC11 --- [           main] o.f.c.i.d.DatabaseFactory                : Database: jdbc:postgresql://localhost:5432/room_planner (PostgreSQL 9.4)
2019-06-26 14:11:53.432  INFO bootcamp-PC11 --- [           main] o.f.c.i.c.DbValidate                     : Successfully validated 7 migrations (execution time 00:00.039s)
2019-06-26 14:11:53.444  INFO bootcamp-PC11 --- [           main] o.f.c.i.c.DbMigrate                      : Current version of schema "public": 1.7
2019-06-26 14:11:53.444  INFO bootcamp-PC11 --- [           main] o.f.c.i.c.DbMigrate                      : Schema "public" is up to date. No migration necessary.
2019-06-26 14:11:53.768  INFO bootcamp-PC11 --- [           main] o.h.Version                              : HHH000412: Hibernate Core {5.3.10.Final}
2019-06-26 14:11:53.770  INFO bootcamp-PC11 --- [           main] o.h.c.Environment                        : HHH000206: hibernate.properties not found
2019-06-26 14:11:53.923  INFO bootcamp-PC11 --- [           main] o.h.a.c.Version                          : HCANN000001: Hibernate Commons Annotations {5.0.4.Final}
2019-06-26 14:11:54.083  INFO bootcamp-PC11 --- [           main] o.h.d.Dialect                            : HHH000400: Using dialect: org.hibernate.dialect.PostgreSQLDialect
2019-06-26 14:11:54.100  INFO bootcamp-PC11 --- [           main] o.h.e.j.e.i.LobCreatorBuilderImpl        : HHH000422: Disabling contextual LOB creation as connection was null
2019-06-26 14:11:54.106  INFO bootcamp-PC11 --- [           main] o.h.t.BasicTypeRegistry                  : HHH000270: Type registration [java.util.UUID] overrides previous : org.hibernate.type.UUIDBinaryType@9b2dc56
2019-06-26 14:11:55.148  INFO bootcamp-PC11 --- [           main] j.LocalContainerEntityManagerFactoryBean : Initialized JPA EntityManagerFactory for persistence unit 'default'
2019-06-26 14:11:55.983  INFO bootcamp-PC11 --- [           main] f.a.AutowiredAnnotationBeanPostProcessor : Autowired annotation is not supported on static fields: private static java.lang.String edu.roomplanner.config.ResourceServerConfig.RESOURCE_ID
2019-06-26 14:11:56.619  INFO bootcamp-PC11 --- [           main] o.s.s.w.DefaultSecurityFilterChain       : Creating filter chain: OrRequestMatcher [requestMatchers=[Ant [pattern='/oauth/token'], Ant [pattern='/oauth/token_key'], Ant [pattern='/oauth/check_token']]], [org.springframework.security.web.context.request.async.WebAsyncManagerIntegrationFilter@7c200e57, org.springframework.security.web.context.SecurityContextPersistenceFilter@1e36baca, org.springframework.security.web.header.HeaderWriterFilter@5e0442dd, org.springframework.security.web.authentication.logout.LogoutFilter@23d12a3a, org.springframework.security.web.authentication.www.BasicAuthenticationFilter@3117ac8d, org.springframework.security.web.savedrequest.RequestCacheAwareFilter@60484429, org.springframework.security.web.servletapi.SecurityContextHolderAwareRequestFilter@4fb99927, org.springframework.security.web.authentication.AnonymousAuthenticationFilter@1d0f7bcf, org.springframework.security.web.session.SessionManagementFilter@79349b61, org.springframework.security.web.access.ExceptionTranslationFilter@1aaf73b7, org.springframework.security.web.access.intercept.FilterSecurityInterceptor@531299d3]
2019-06-26 14:11:56.630  INFO bootcamp-PC11 --- [           main] o.s.s.w.DefaultSecurityFilterChain       : Creating filter chain: org.springframework.security.oauth2.config.annotation.web.configuration.ResourceServerConfiguration$NotOAuthRequestMatcher@41289e88, [org.springframework.security.web.context.request.async.WebAsyncManagerIntegrationFilter@7e8783b0, org.springframework.security.web.context.SecurityContextPersistenceFilter@126d0868, org.springframework.security.web.header.HeaderWriterFilter@3346e906, org.springframework.security.web.authentication.logout.LogoutFilter@63318b56, org.springframework.security.oauth2.provider.authentication.OAuth2AuthenticationProcessingFilter@4509b7, org.springframework.security.web.savedrequest.RequestCacheAwareFilter@753e4eb5, org.springframework.security.web.servletapi.SecurityContextHolderAwareRequestFilter@713497cd, org.springframework.security.web.session.SessionManagementFilter@443ac5b8, org.springframework.security.web.access.ExceptionTranslationFilter@5cb76070, org.springframework.security.web.access.intercept.FilterSecurityInterceptor@38a27ace]
2019-06-26 14:11:56.643  INFO bootcamp-PC11 --- [           main] o.s.s.w.DefaultSecurityFilterChain       : Creating filter chain: any request, [org.springframework.security.web.context.request.async.WebAsyncManagerIntegrationFilter@2c557eee, org.springframework.security.web.context.SecurityContextPersistenceFilter@42c9b1ee, org.springframework.security.web.header.HeaderWriterFilter@2ff62720, org.springframework.security.web.csrf.CsrfFilter@1eee9b78, org.springframework.security.web.authentication.logout.LogoutFilter@3fa57aa8, org.springframework.security.web.authentication.UsernamePasswordAuthenticationFilter@434b2e0c, org.springframework.security.web.authentication.ui.DefaultLoginPageGeneratingFilter@306cfb8a, org.springframework.security.web.authentication.ui.DefaultLogoutPageGeneratingFilter@7c47b0f8, org.springframework.security.web.authentication.www.BasicAuthenticationFilter@36f40d72, org.springframework.security.web.savedrequest.RequestCacheAwareFilter@217c6a1e, org.springframework.security.web.servletapi.SecurityContextHolderAwareRequestFilter@3fad8636, org.springframework.security.web.authentication.AnonymousAuthenticationFilter@2b561f51, org.springframework.security.web.session.SessionManagementFilter@45295cfd, org.springframework.security.web.access.ExceptionTranslationFilter@18ff753c, org.springframework.security.web.access.intercept.FilterSecurityInterceptor@6d87253e]
2019-06-26 14:11:56.900  INFO bootcamp-PC11 --- [           main] o.s.s.c.ThreadPoolTaskExecutor           : Initializing ExecutorService 'applicationTaskExecutor'
2019-06-26 14:11:57.375  INFO bootcamp-PC11 --- [           main] o.s.b.a.e.w.EndpointLinksResolver        : Exposing 2 endpoint(s) beneath base path '/actuator'
2019-06-26 14:11:57.677  INFO bootcamp-PC11 --- [           main] o.a.c.h.Http11NioProtocol                : Starting ProtocolHandler ["http-nio-8081"]
2019-06-26 14:11:57.700  INFO bootcamp-PC11 --- [           main] o.s.b.w.e.t.TomcatWebServer              : Tomcat started on port(s): 8081 (http) with context path ''
2019-06-26 14:11:57.702  INFO bootcamp-PC11 --- [           main] e.r.RoomPlannerApplication               : Started RoomPlannerApplication in 8.497 seconds (JVM running for 9.374)
2019-06-26 14:12:16.327  INFO bootcamp-PC11 --- [nio-8081-exec-1] o.a.c.c.C.[.[.[/]                        : Initializing Spring DispatcherServlet 'dispatcherServlet'
2019-06-26 14:12:16.327  INFO bootcamp-PC11 --- [nio-8081-exec-1] o.s.w.s.DispatcherServlet                : Initializing Servlet 'dispatcherServlet'
2019-06-26 14:12:16.339  INFO bootcamp-PC11 --- [nio-8081-exec-1] o.s.w.s.DispatcherServlet                : Completed initialization in 12 ms
2019-06-26 14:12:16.895  INFO bootcamp-PC11 --- [nio-8081-exec-1] o.h.h.i.QueryTranslatorFactoryInitiator  : HHH000397: Using ASTQueryTranslatorFactory
2019-06-26 14:12:31.184  INFO bootcamp-PC11 --- [nio-8081-exec-4] e.r.r.UserRestController                 : Method was called.
2019-06-26 14:12:31.216  INFO bootcamp-PC11 --- [nio-8081-exec-4] e.r.r.UserRestController                 : The following object was returned: RoomDto(name=Westeros, floor=8, maxPersons=20)
2019-06-26 14:12:34.946  INFO bootcamp-PC11 --- [nio-8081-exec-5] e.r.r.UserRestController                 : Method was called.
2019-06-26 14:12:34.972  INFO bootcamp-PC11 --- [nio-8081-exec-5] e.r.r.UserRestController                 : The following object was returned: RoomDto(name=Wonderland, floor=5, maxPersons=14)
2019-06-27 10:24:38.928  INFO bootcamp-PC11 --- [           main] trationDelegate$BeanPostProcessorChecker : Bean 'org.springframework.cloud.autoconfigure.ConfigurationPropertiesRebinderAutoConfiguration' of type [org.springframework.cloud.autoconfigure.ConfigurationPropertiesRebinderAutoConfiguration$$EnhancerBySpringCGLIB$$30609d4a] is not eligible for getting processed by all BeanPostProcessors (for example: not eligible for auto-proxying)
2019-06-27 10:24:39.131  INFO bootcamp-PC11 --- [           main] e.r.RoomPlannerApplication               : No active profile set, falling back to default profiles: default
2019-06-27 10:24:40.363  INFO bootcamp-PC11 --- [           main] .s.d.r.c.RepositoryConfigurationDelegate : Bootstrapping Spring Data repositories in DEFAULT mode.
2019-06-27 10:24:40.486  INFO bootcamp-PC11 --- [           main] .s.d.r.c.RepositoryConfigurationDelegate : Finished Spring Data repository scanning in 107ms. Found 4 repository interfaces.
2019-06-27 10:24:41.001  INFO bootcamp-PC11 --- [           main] o.s.c.c.s.GenericScope                   : BeanFactory id=e410eb31-6c36-39b4-b6b9-5792602e09f2
2019-06-27 10:24:41.157  INFO bootcamp-PC11 --- [           main] trationDelegate$BeanPostProcessorChecker : Bean 'org.springframework.transaction.annotation.ProxyTransactionManagementConfiguration' of type [org.springframework.transaction.annotation.ProxyTransactionManagementConfiguration$$EnhancerBySpringCGLIB$$14469a4d] is not eligible for getting processed by all BeanPostProcessors (for example: not eligible for auto-proxying)
2019-06-27 10:24:41.188  INFO bootcamp-PC11 --- [           main] trationDelegate$BeanPostProcessorChecker : Bean 'org.springframework.security.config.annotation.configuration.ObjectPostProcessorConfiguration' of type [org.springframework.security.config.annotation.configuration.ObjectPostProcessorConfiguration$$EnhancerBySpringCGLIB$$acf46287] is not eligible for getting processed by all BeanPostProcessors (for example: not eligible for auto-proxying)
2019-06-27 10:24:41.204  INFO bootcamp-PC11 --- [           main] trationDelegate$BeanPostProcessorChecker : Bean 'objectPostProcessor' of type [org.springframework.security.config.annotation.configuration.AutowireBeanFactoryObjectPostProcessor] is not eligible for getting processed by all BeanPostProcessors (for example: not eligible for auto-proxying)
2019-06-27 10:24:41.204  INFO bootcamp-PC11 --- [           main] trationDelegate$BeanPostProcessorChecker : Bean 'org.springframework.security.access.expression.method.DefaultMethodSecurityExpressionHandler@2cd62003' of type [org.springframework.security.oauth2.provider.expression.OAuth2MethodSecurityExpressionHandler] is not eligible for getting processed by all BeanPostProcessors (for example: not eligible for auto-proxying)
2019-06-27 10:24:41.220  INFO bootcamp-PC11 --- [           main] trationDelegate$BeanPostProcessorChecker : Bean 'org.springframework.security.config.annotation.method.configuration.GlobalMethodSecurityConfiguration' of type [org.springframework.security.config.annotation.method.configuration.GlobalMethodSecurityConfiguration$$EnhancerBySpringCGLIB$$d1c90539] is not eligible for getting processed by all BeanPostProcessors (for example: not eligible for auto-proxying)
2019-06-27 10:24:41.220  INFO bootcamp-PC11 --- [           main] trationDelegate$BeanPostProcessorChecker : Bean 'methodSecurityMetadataSource' of type [org.springframework.security.access.method.DelegatingMethodSecurityMetadataSource] is not eligible for getting processed by all BeanPostProcessors (for example: not eligible for auto-proxying)
2019-06-27 10:24:41.266  INFO bootcamp-PC11 --- [           main] trationDelegate$BeanPostProcessorChecker : Bean 'org.springframework.cloud.autoconfigure.ConfigurationPropertiesRebinderAutoConfiguration' of type [org.springframework.cloud.autoconfigure.ConfigurationPropertiesRebinderAutoConfiguration$$EnhancerBySpringCGLIB$$30609d4a] is not eligible for getting processed by all BeanPostProcessors (for example: not eligible for auto-proxying)
2019-06-27 10:24:41.750  INFO bootcamp-PC11 --- [           main] o.s.b.w.e.t.TomcatWebServer              : Tomcat initialized with port(s): 8081 (http)
2019-06-27 10:24:41.766  INFO bootcamp-PC11 --- [           main] o.a.c.h.Http11NioProtocol                : Initializing ProtocolHandler ["http-nio-8081"]
2019-06-27 10:24:41.781  INFO bootcamp-PC11 --- [           main] o.a.c.c.StandardService                  : Starting service [Tomcat]
2019-06-27 10:24:41.781  INFO bootcamp-PC11 --- [           main] o.a.c.c.StandardEngine                   : Starting Servlet engine: [Apache Tomcat/9.0.19]
2019-06-27 10:24:41.937  INFO bootcamp-PC11 --- [           main] o.a.c.c.C.[.[.[/]                        : Initializing Spring embedded WebApplicationContext
2019-06-27 10:24:41.937  INFO bootcamp-PC11 --- [           main] o.s.w.c.ContextLoader                    : Root WebApplicationContext: initialization completed in 2775 ms
2019-06-27 10:24:42.577  INFO bootcamp-PC11 --- [           main] o.f.c.i.l.VersionPrinter                 : Flyway Community Edition 5.2.4 by Boxfuse
2019-06-27 10:24:42.674  INFO bootcamp-PC11 --- [           main] c.z.h.HikariDataSource                   : HikariPool-1 - Starting...
2019-06-27 10:24:42.827  INFO bootcamp-PC11 --- [           main] c.z.h.HikariDataSource                   : HikariPool-1 - Start completed.
2019-06-27 10:24:42.838  INFO bootcamp-PC11 --- [           main] o.f.c.i.d.DatabaseFactory                : Database: jdbc:postgresql://localhost:5432/room_planner (PostgreSQL 9.4)
2019-06-27 10:24:43.014  INFO bootcamp-PC11 --- [           main] o.f.c.i.c.DbValidate                     : Successfully validated 7 migrations (execution time 00:00.087s)
2019-06-27 10:24:43.038  INFO bootcamp-PC11 --- [           main] o.f.c.i.c.DbMigrate                      : Current version of schema "public": 1.7
2019-06-27 10:24:43.040  INFO bootcamp-PC11 --- [           main] o.f.c.i.c.DbMigrate                      : Schema "public" is up to date. No migration necessary.
2019-06-27 10:24:43.378  INFO bootcamp-PC11 --- [           main] o.h.Version                              : HHH000412: Hibernate Core {5.3.10.Final}
2019-06-27 10:24:43.381  INFO bootcamp-PC11 --- [           main] o.h.c.Environment                        : HHH000206: hibernate.properties not found
2019-06-27 10:24:43.575  INFO bootcamp-PC11 --- [           main] o.h.a.c.Version                          : HCANN000001: Hibernate Commons Annotations {5.0.4.Final}
2019-06-27 10:24:43.742  INFO bootcamp-PC11 --- [           main] o.h.d.Dialect                            : HHH000400: Using dialect: org.hibernate.dialect.PostgreSQLDialect
2019-06-27 10:24:43.758  INFO bootcamp-PC11 --- [           main] o.h.e.j.e.i.LobCreatorBuilderImpl        : HHH000422: Disabling contextual LOB creation as connection was null
2019-06-27 10:24:43.763  INFO bootcamp-PC11 --- [           main] o.h.t.BasicTypeRegistry                  : HHH000270: Type registration [java.util.UUID] overrides previous : org.hibernate.type.UUIDBinaryType@191ec193
2019-06-27 10:24:44.970  INFO bootcamp-PC11 --- [           main] j.LocalContainerEntityManagerFactoryBean : Initialized JPA EntityManagerFactory for persistence unit 'default'
2019-06-27 10:24:45.937  INFO bootcamp-PC11 --- [           main] f.a.AutowiredAnnotationBeanPostProcessor : Autowired annotation is not supported on static fields: private static java.lang.String edu.roomplanner.config.ResourceServerConfig.RESOURCE_ID
2019-06-27 10:24:46.760  INFO bootcamp-PC11 --- [           main] o.s.s.w.DefaultSecurityFilterChain       : Creating filter chain: OrRequestMatcher [requestMatchers=[Ant [pattern='/oauth/token'], Ant [pattern='/oauth/token_key'], Ant [pattern='/oauth/check_token']]], [org.springframework.security.web.context.request.async.WebAsyncManagerIntegrationFilter@2c731a16, org.springframework.security.web.context.SecurityContextPersistenceFilter@73db7df0, org.springframework.security.web.header.HeaderWriterFilter@64a8d575, org.springframework.security.web.authentication.logout.LogoutFilter@4b5cdd07, org.springframework.security.web.authentication.www.BasicAuthenticationFilter@6c737fdb, org.springframework.security.web.savedrequest.RequestCacheAwareFilter@1c66cd02, org.springframework.security.web.servletapi.SecurityContextHolderAwareRequestFilter@5718e77c, org.springframework.security.web.authentication.AnonymousAuthenticationFilter@2a341e3d, org.springframework.security.web.session.SessionManagementFilter@36cdcae0, org.springframework.security.web.access.ExceptionTranslationFilter@301e5d23, org.springframework.security.web.access.intercept.FilterSecurityInterceptor@70df41f9]
2019-06-27 10:24:46.777  INFO bootcamp-PC11 --- [           main] o.s.s.w.DefaultSecurityFilterChain       : Creating filter chain: org.springframework.security.oauth2.config.annotation.web.configuration.ResourceServerConfiguration$NotOAuthRequestMatcher@443ac5b8, [org.springframework.security.web.context.request.async.WebAsyncManagerIntegrationFilter@126d0868, org.springframework.security.web.context.SecurityContextPersistenceFilter@52325940, org.springframework.security.web.header.HeaderWriterFilter@71e2843b, org.springframework.security.web.authentication.logout.LogoutFilter@254cc548, org.springframework.security.oauth2.provider.authentication.OAuth2AuthenticationProcessingFilter@2079fcfc, org.springframework.security.web.savedrequest.RequestCacheAwareFilter@7f792530, org.springframework.security.web.servletapi.SecurityContextHolderAwareRequestFilter@1adfb5b8, org.springframework.security.web.session.SessionManagementFilter@20d3fff4, org.springframework.security.web.access.ExceptionTranslationFilter@346330b6, org.springframework.security.web.access.intercept.FilterSecurityInterceptor@3346e906]
2019-06-27 10:24:46.796  INFO bootcamp-PC11 --- [           main] o.s.s.w.DefaultSecurityFilterChain       : Creating filter chain: any request, [org.springframework.security.web.context.request.async.WebAsyncManagerIntegrationFilter@42172065, org.springframework.security.web.context.SecurityContextPersistenceFilter@4509b7, org.springframework.security.web.header.HeaderWriterFilter@1237cade, org.springframework.security.web.csrf.CsrfFilter@4a3516fd, org.springframework.security.web.authentication.logout.LogoutFilter@38a27ace, org.springframework.security.web.authentication.UsernamePasswordAuthenticationFilter@14d36bb2, org.springframework.security.web.authentication.ui.DefaultLoginPageGeneratingFilter@1002d1c8, org.springframework.security.web.authentication.ui.DefaultLogoutPageGeneratingFilter@5b6f3d0b, org.springframework.security.web.authentication.www.BasicAuthenticationFilter@4d964c9e, org.springframework.security.web.savedrequest.RequestCacheAwareFilter@71f10042, org.springframework.security.web.servletapi.SecurityContextHolderAwareRequestFilter@5dbc4598, org.springframework.security.web.authentication.AnonymousAuthenticationFilter@8e77c5b, org.springframework.security.web.session.SessionManagementFilter@70d7a49b, org.springframework.security.web.access.ExceptionTranslationFilter@5764d421, org.springframework.security.web.access.intercept.FilterSecurityInterceptor@53d2f0ec]
2019-06-27 10:24:47.086  INFO bootcamp-PC11 --- [           main] o.s.s.c.ThreadPoolTaskExecutor           : Initializing ExecutorService 'applicationTaskExecutor'
2019-06-27 10:24:47.704  INFO bootcamp-PC11 --- [           main] o.s.b.a.e.w.EndpointLinksResolver        : Exposing 2 endpoint(s) beneath base path '/actuator'
2019-06-27 10:24:48.028  INFO bootcamp-PC11 --- [           main] o.a.c.h.Http11NioProtocol                : Starting ProtocolHandler ["http-nio-8081"]
2019-06-27 10:24:48.052  INFO bootcamp-PC11 --- [           main] o.s.b.w.e.t.TomcatWebServer              : Tomcat started on port(s): 8081 (http) with context path ''
2019-06-27 10:24:48.054  INFO bootcamp-PC11 --- [           main] e.r.RoomPlannerApplication               : Started RoomPlannerApplication in 9.952 seconds (JVM running for 10.861)
2019-06-27 10:25:08.967  INFO bootcamp-PC11 --- [nio-8081-exec-2] o.a.c.c.C.[.[.[/]                        : Initializing Spring DispatcherServlet 'dispatcherServlet'
2019-06-27 10:25:08.967  INFO bootcamp-PC11 --- [nio-8081-exec-2] o.s.w.s.DispatcherServlet                : Initializing Servlet 'dispatcherServlet'
2019-06-27 10:25:08.980  INFO bootcamp-PC11 --- [nio-8081-exec-2] o.s.w.s.DispatcherServlet                : Completed initialization in 13 ms
2019-06-27 10:25:09.485  INFO bootcamp-PC11 --- [nio-8081-exec-2] o.h.h.i.QueryTranslatorFactoryInitiator  : HHH000397: Using ASTQueryTranslatorFactory
2019-06-27 10:25:09.763  INFO bootcamp-PC11 --- [nio-8081-exec-2] o.s.s.o.p.t.s.JdbcTokenStore             : Failed to find access token for token 753f8910-44af-4ad9-a47f-e636316e4eaa
2019-06-27 10:25:51.634  INFO bootcamp-PC11 --- [nio-8081-exec-5] e.r.r.UserRestController                 : Method was called.
2019-06-27 10:25:51.669  INFO bootcamp-PC11 --- [nio-8081-exec-5] e.r.r.UserRestController                 : The following object was returned: RoomDto(name=Wonderland, floor=5, maxPersons=14)
2019-06-27 10:25:54.938  INFO bootcamp-PC11 --- [nio-8081-exec-6] e.r.r.UserRestController                 : Method was called.
2019-06-27 10:25:54.958  INFO bootcamp-PC11 --- [nio-8081-exec-6] e.r.r.UserRestController                 : The following object was returned: RoomDto(name=Westeros, floor=8, maxPersons=20)
2019-06-27 10:37:44.744  INFO bootcamp-PC11 --- [           main] trationDelegate$BeanPostProcessorChecker : Bean 'org.springframework.cloud.autoconfigure.ConfigurationPropertiesRebinderAutoConfiguration' of type [org.springframework.cloud.autoconfigure.ConfigurationPropertiesRebinderAutoConfiguration$$EnhancerBySpringCGLIB$$df2257c9] is not eligible for getting processed by all BeanPostProcessors (for example: not eligible for auto-proxying)
2019-06-27 10:37:44.942  INFO bootcamp-PC11 --- [           main] e.r.RoomPlannerApplication               : No active profile set, falling back to default profiles: default
2019-06-27 10:37:46.369  INFO bootcamp-PC11 --- [           main] .s.d.r.c.RepositoryConfigurationDelegate : Bootstrapping Spring Data repositories in DEFAULT mode.
2019-06-27 10:37:46.489  INFO bootcamp-PC11 --- [           main] .s.d.r.c.RepositoryConfigurationDelegate : Finished Spring Data repository scanning in 103ms. Found 4 repository interfaces.
2019-06-27 10:37:46.953  INFO bootcamp-PC11 --- [           main] o.s.c.c.s.GenericScope                   : BeanFactory id=4f506198-c5d0-33bd-aa29-51423537a808
2019-06-27 10:37:47.120  INFO bootcamp-PC11 --- [           main] trationDelegate$BeanPostProcessorChecker : Bean 'org.springframework.transaction.annotation.ProxyTransactionManagementConfiguration' of type [org.springframework.transaction.annotation.ProxyTransactionManagementConfiguration$$EnhancerBySpringCGLIB$$c30854cc] is not eligible for getting processed by all BeanPostProcessors (for example: not eligible for auto-proxying)
2019-06-27 10:37:47.167  INFO bootcamp-PC11 --- [           main] trationDelegate$BeanPostProcessorChecker : Bean 'org.springframework.security.config.annotation.configuration.ObjectPostProcessorConfiguration' of type [org.springframework.security.config.annotation.configuration.ObjectPostProcessorConfiguration$$EnhancerBySpringCGLIB$$5bb61d06] is not eligible for getting processed by all BeanPostProcessors (for example: not eligible for auto-proxying)
2019-06-27 10:37:47.167  INFO bootcamp-PC11 --- [           main] trationDelegate$BeanPostProcessorChecker : Bean 'objectPostProcessor' of type [org.springframework.security.config.annotation.configuration.AutowireBeanFactoryObjectPostProcessor] is not eligible for getting processed by all BeanPostProcessors (for example: not eligible for auto-proxying)
2019-06-27 10:37:47.183  INFO bootcamp-PC11 --- [           main] trationDelegate$BeanPostProcessorChecker : Bean 'org.springframework.security.access.expression.method.DefaultMethodSecurityExpressionHandler@706ceca6' of type [org.springframework.security.oauth2.provider.expression.OAuth2MethodSecurityExpressionHandler] is not eligible for getting processed by all BeanPostProcessors (for example: not eligible for auto-proxying)
2019-06-27 10:37:47.183  INFO bootcamp-PC11 --- [           main] trationDelegate$BeanPostProcessorChecker : Bean 'org.springframework.security.config.annotation.method.configuration.GlobalMethodSecurityConfiguration' of type [org.springframework.security.config.annotation.method.configuration.GlobalMethodSecurityConfiguration$$EnhancerBySpringCGLIB$$808abfb8] is not eligible for getting processed by all BeanPostProcessors (for example: not eligible for auto-proxying)
2019-06-27 10:37:47.183  INFO bootcamp-PC11 --- [           main] trationDelegate$BeanPostProcessorChecker : Bean 'methodSecurityMetadataSource' of type [org.springframework.security.access.method.DelegatingMethodSecurityMetadataSource] is not eligible for getting processed by all BeanPostProcessors (for example: not eligible for auto-proxying)
2019-06-27 10:37:47.214  INFO bootcamp-PC11 --- [           main] trationDelegate$BeanPostProcessorChecker : Bean 'org.springframework.cloud.autoconfigure.ConfigurationPropertiesRebinderAutoConfiguration' of type [org.springframework.cloud.autoconfigure.ConfigurationPropertiesRebinderAutoConfiguration$$EnhancerBySpringCGLIB$$df2257c9] is not eligible for getting processed by all BeanPostProcessors (for example: not eligible for auto-proxying)
2019-06-27 10:37:47.667  INFO bootcamp-PC11 --- [           main] o.s.b.w.e.t.TomcatWebServer              : Tomcat initialized with port(s): 8081 (http)
2019-06-27 10:37:47.682  INFO bootcamp-PC11 --- [           main] o.a.c.h.Http11NioProtocol                : Initializing ProtocolHandler ["http-nio-8081"]
2019-06-27 10:37:47.698  INFO bootcamp-PC11 --- [           main] o.a.c.c.StandardService                  : Starting service [Tomcat]
2019-06-27 10:37:47.698  INFO bootcamp-PC11 --- [           main] o.a.c.c.StandardEngine                   : Starting Servlet engine: [Apache Tomcat/9.0.19]
2019-06-27 10:37:47.854  INFO bootcamp-PC11 --- [           main] o.a.c.c.C.[.[.[/]                        : Initializing Spring embedded WebApplicationContext
2019-06-27 10:37:47.854  INFO bootcamp-PC11 --- [           main] o.s.w.c.ContextLoader                    : Root WebApplicationContext: initialization completed in 2896 ms
2019-06-27 10:37:48.494  INFO bootcamp-PC11 --- [           main] o.f.c.i.l.VersionPrinter                 : Flyway Community Edition 5.2.4 by Boxfuse
2019-06-27 10:37:48.577  INFO bootcamp-PC11 --- [           main] c.z.h.HikariDataSource                   : HikariPool-1 - Starting...
2019-06-27 10:37:48.694  INFO bootcamp-PC11 --- [           main] c.z.h.HikariDataSource                   : HikariPool-1 - Start completed.
2019-06-27 10:37:48.694  INFO bootcamp-PC11 --- [           main] o.f.c.i.d.DatabaseFactory                : Database: jdbc:postgresql://localhost:5432/room_planner (PostgreSQL 9.4)
2019-06-27 10:37:48.834  INFO bootcamp-PC11 --- [           main] o.f.c.i.c.DbValidate                     : Successfully validated 7 migrations (execution time 00:00.049s)
2019-06-27 10:37:48.850  INFO bootcamp-PC11 --- [           main] o.f.c.i.c.DbMigrate                      : Current version of schema "public": 1.7
2019-06-27 10:37:48.850  INFO bootcamp-PC11 --- [           main] o.f.c.i.c.DbMigrate                      : Schema "public" is up to date. No migration necessary.
2019-06-27 10:37:49.120  INFO bootcamp-PC11 --- [           main] o.h.Version                              : HHH000412: Hibernate Core {5.3.10.Final}
2019-06-27 10:37:49.120  INFO bootcamp-PC11 --- [           main] o.h.c.Environment                        : HHH000206: hibernate.properties not found
2019-06-27 10:37:49.292  INFO bootcamp-PC11 --- [           main] o.h.a.c.Version                          : HCANN000001: Hibernate Commons Annotations {5.0.4.Final}
2019-06-27 10:37:49.507  INFO bootcamp-PC11 --- [           main] o.h.d.Dialect                            : HHH000400: Using dialect: org.hibernate.dialect.PostgreSQLDialect
2019-06-27 10:37:49.524  INFO bootcamp-PC11 --- [           main] o.h.e.j.e.i.LobCreatorBuilderImpl        : HHH000422: Disabling contextual LOB creation as connection was null
2019-06-27 10:37:49.529  INFO bootcamp-PC11 --- [           main] o.h.t.BasicTypeRegistry                  : HHH000270: Type registration [java.util.UUID] overrides previous : org.hibernate.type.UUIDBinaryType@5fd18419
2019-06-27 10:37:50.445  INFO bootcamp-PC11 --- [           main] j.LocalContainerEntityManagerFactoryBean : Initialized JPA EntityManagerFactory for persistence unit 'default'
2019-06-27 10:37:51.354  INFO bootcamp-PC11 --- [           main] f.a.AutowiredAnnotationBeanPostProcessor : Autowired annotation is not supported on static fields: private static java.lang.String edu.roomplanner.config.ResourceServerConfig.RESOURCE_ID
2019-06-27 10:37:52.099  INFO bootcamp-PC11 --- [           main] o.s.b.a.e.w.EndpointLinksResolver        : Exposing 2 endpoint(s) beneath base path '/actuator'
2019-06-27 10:37:52.620  INFO bootcamp-PC11 --- [           main] o.s.s.w.DefaultSecurityFilterChain       : Creating filter chain: OrRequestMatcher [requestMatchers=[Ant [pattern='/oauth/token'], Ant [pattern='/oauth/token_key'], Ant [pattern='/oauth/check_token']]], [org.springframework.security.web.context.request.async.WebAsyncManagerIntegrationFilter@6265a548, org.springframework.security.web.context.SecurityContextPersistenceFilter@1174e173, org.springframework.security.web.header.HeaderWriterFilter@7e27b77a, org.springframework.security.web.authentication.logout.LogoutFilter@15afebcc, org.springframework.security.web.authentication.www.BasicAuthenticationFilter@41dc34c8, org.springframework.security.web.savedrequest.RequestCacheAwareFilter@1771d6a5, org.springframework.security.web.servletapi.SecurityContextHolderAwareRequestFilter@4202276, org.springframework.security.web.authentication.AnonymousAuthenticationFilter@2e51ede1, org.springframework.security.web.session.SessionManagementFilter@21f94fe3, org.springframework.security.web.access.ExceptionTranslationFilter@52b32622, org.springframework.security.web.access.intercept.FilterSecurityInterceptor@215404a1]
2019-06-27 10:37:52.636  INFO bootcamp-PC11 --- [           main] o.s.s.w.DefaultSecurityFilterChain       : Creating filter chain: org.springframework.security.oauth2.config.annotation.web.configuration.ResourceServerConfiguration$NotOAuthRequestMatcher@52a0bc48, [org.springframework.security.web.context.request.async.WebAsyncManagerIntegrationFilter@28941a68, org.springframework.security.web.context.SecurityContextPersistenceFilter@4028aab2, org.springframework.security.web.header.HeaderWriterFilter@17b387ef, org.springframework.security.web.authentication.logout.LogoutFilter@2f8b48c3, org.springframework.security.oauth2.provider.authentication.OAuth2AuthenticationProcessingFilter@5542418c, org.springframework.security.web.savedrequest.RequestCacheAwareFilter@37aea657, org.springframework.security.web.servletapi.SecurityContextHolderAwareRequestFilter@3ca9d3b2, org.springframework.security.web.session.SessionManagementFilter@489b7559, org.springframework.security.web.access.ExceptionTranslationFilter@3d195d15, org.springframework.security.web.access.intercept.FilterSecurityInterceptor@57fae911]
2019-06-27 10:37:52.651  INFO bootcamp-PC11 --- [           main] o.s.s.w.DefaultSecurityFilterChain       : Creating filter chain: any request, [org.springframework.security.web.context.request.async.WebAsyncManagerIntegrationFilter@4a65c40, org.springframework.security.web.context.SecurityContextPersistenceFilter@693ed09d, org.springframework.security.web.header.HeaderWriterFilter@7683d632, org.springframework.security.web.csrf.CsrfFilter@b859355, org.springframework.security.web.authentication.logout.LogoutFilter@7dd2a5f7, org.springframework.security.web.authentication.UsernamePasswordAuthenticationFilter@2396408a, org.springframework.security.web.authentication.ui.DefaultLoginPageGeneratingFilter@62f73b0c, org.springframework.security.web.authentication.ui.DefaultLogoutPageGeneratingFilter@4fc84c92, org.springframework.security.web.authentication.www.BasicAuthenticationFilter@15a5cc6e, org.springframework.security.web.savedrequest.RequestCacheAwareFilter@4fc8163, org.springframework.security.web.servletapi.SecurityContextHolderAwareRequestFilter@6c26e588, org.springframework.security.web.authentication.AnonymousAuthenticationFilter@5f7bd970, org.springframework.security.web.session.SessionManagementFilter@513bec8c, org.springframework.security.web.access.ExceptionTranslationFilter@7c3223aa, org.springframework.security.web.access.intercept.FilterSecurityInterceptor@7575f7e1]
2019-06-27 10:37:52.683  INFO bootcamp-PC11 --- [           main] pertySourcedRequestMappingHandlerMapping : Mapped URL path [/v2/api-docs] onto method [public org.springframework.http.ResponseEntity<springfox.documentation.spring.web.json.Json> springfox.documentation.swagger2.web.Swagger2Controller.getDocumentation(java.lang.String,javax.servlet.http.HttpServletRequest)]
2019-06-27 10:37:52.947  INFO bootcamp-PC11 --- [           main] o.s.s.c.ThreadPoolTaskExecutor           : Initializing ExecutorService 'applicationTaskExecutor'
2019-06-27 10:37:53.636  INFO bootcamp-PC11 --- [           main] d.s.w.p.DocumentationPluginsBootstrapper : Context refreshed
2019-06-27 10:37:53.667  INFO bootcamp-PC11 --- [           main] d.s.w.p.DocumentationPluginsBootstrapper : Found 1 custom documentation plugin(s)
2019-06-27 10:37:53.730  INFO bootcamp-PC11 --- [           main] s.d.s.w.s.ApiListingReferenceScanner     : Scanning for api listing references
2019-06-27 10:37:53.986  INFO bootcamp-PC11 --- [           main] .d.s.w.r.o.CachingOperationNameGenerator : Generating unique operation named: handleUsingGET_1
2019-06-27 10:37:53.988  INFO bootcamp-PC11 --- [           main] .d.s.w.r.o.CachingOperationNameGenerator : Generating unique operation named: handleUsingGET_2
2019-06-27 10:37:53.990  INFO bootcamp-PC11 --- [           main] .d.s.w.r.o.CachingOperationNameGenerator : Generating unique operation named: handleUsingGET_3
2019-06-27 10:37:54.135  INFO bootcamp-PC11 --- [           main] o.a.c.h.Http11NioProtocol                : Starting ProtocolHandler ["http-nio-8081"]
2019-06-27 10:37:54.167  INFO bootcamp-PC11 --- [           main] o.s.b.w.e.t.TomcatWebServer              : Tomcat started on port(s): 8081 (http) with context path ''
2019-06-27 10:37:54.167  INFO bootcamp-PC11 --- [           main] e.r.RoomPlannerApplication               : Started RoomPlannerApplication in 10.233 seconds (JVM running for 11.18)
2019-06-27 10:38:00.683  INFO bootcamp-PC11 --- [nio-8081-exec-1] o.a.c.c.C.[.[.[/]                        : Initializing Spring DispatcherServlet 'dispatcherServlet'
2019-06-27 10:38:00.683  INFO bootcamp-PC11 --- [nio-8081-exec-1] o.s.w.s.DispatcherServlet                : Initializing Servlet 'dispatcherServlet'
2019-06-27 10:38:00.696  INFO bootcamp-PC11 --- [nio-8081-exec-1] o.s.w.s.DispatcherServlet                : Completed initialization in 13 ms
